<?xml version="1.0" encoding="UTF-8"?>
<!-- Generated by org.testng.reporters.JUnitReportReporter -->
<testsuite hostname="Swapnil" failures="0" tests="6" name="ParallelOperation.ParallelTestCases" time="0.793" errors="0" timestamp="2022-12-19T00:14:58 IST" skipped="0">
  <testcase classname="ParallelOperation.ParallelTestCases" name="validatetitle" time="0.008"/>
  <system-out/>
  <testcase classname="ParallelOperation.ParallelTestCases" name="reg" time="0.235"/>
  <system-out/>
  <testcase classname="ParallelOperation.ParallelTestCases" name="validatetitle" time="0.013"/>
  <system-out/>
  <testcase classname="ParallelOperation.ParallelTestCases" name="reg" time="0.087"/>
  <system-out/>
  <testcase classname="ParallelOperation.ParallelTestCases" name="validatetitle" time="0.016"/>
  <system-out/>
  <testcase classname="ParallelOperation.ParallelTestCases" name="reg" time="0.434"/>
  <system-out/>
</testsuite> <!-- ParallelOperation.ParallelTestCases -->
